2018-04-17 20:29:24.726 [main] INFO  com.doobangframework.springboot_simple.SimpleApplication - Starting SimpleApplication on changyong-PC with PID 4360 (G:\workspace\java\github_java\springboot\springboot_simple\target\classes started by changyong in G:\workspace\java\github_java\springboot\springboot_simple)
2018-04-17 20:29:24.732 [main] INFO  com.doobangframework.springboot_simple.SimpleApplication - The following profiles are active: test
2018-04-17 20:29:24.885 [main] INFO  org.springframework.boot.context.embedded.AnnotationConfigEmbeddedWebApplicationContext - Refreshing org.springframework.boot.context.embedded.AnnotationConfigEmbeddedWebApplicationContext@6069db50: startup date [Tue Apr 17 20:29:24 CST 2018]; root of context hierarchy
2018-04-17 20:29:25.273 [background-preinit] INFO  org.hibernate.validator.internal.util.Version - HV000001: Hibernate Validator 5.3.5.Final
2018-04-17 20:29:27.342 [main] INFO  org.springframework.boot.context.embedded.tomcat.TomcatEmbeddedServletContainer - Tomcat initialized with port(s): 8081 (http)
2018-04-17 20:29:27.364 [main] INFO  org.apache.catalina.core.StandardService - Starting service [Tomcat]
2018-04-17 20:29:27.366 [main] INFO  org.apache.catalina.core.StandardEngine - Starting Servlet Engine: Apache Tomcat/8.5.16
2018-04-17 20:29:27.510 [localhost-startStop-1] INFO  org.apache.catalina.core.ContainerBase.[Tomcat].[localhost].[/] - Initializing Spring embedded WebApplicationContext
2018-04-17 20:29:27.510 [localhost-startStop-1] INFO  org.springframework.web.context.ContextLoader - Root WebApplicationContext: initialization completed in 2625 ms
2018-04-17 20:29:27.998 [localhost-startStop-1] INFO  org.springframework.boot.web.servlet.ServletRegistrationBean - Mapping servlet: 'dispatcherServlet' to [/]
2018-04-17 20:29:28.007 [localhost-startStop-1] INFO  org.springframework.boot.web.servlet.FilterRegistrationBean - Mapping filter: 'characterEncodingFilter' to: [/*]
2018-04-17 20:29:28.008 [localhost-startStop-1] INFO  org.springframework.boot.web.servlet.FilterRegistrationBean - Mapping filter: 'hiddenHttpMethodFilter' to: [/*]
2018-04-17 20:29:28.008 [localhost-startStop-1] INFO  org.springframework.boot.web.servlet.FilterRegistrationBean - Mapping filter: 'httpPutFormContentFilter' to: [/*]
2018-04-17 20:29:28.009 [localhost-startStop-1] INFO  org.springframework.boot.web.servlet.FilterRegistrationBean - Mapping filter: 'requestContextFilter' to: [/*]
2018-04-17 20:29:28.572 [main] INFO  org.springframework.web.servlet.mvc.method.annotation.RequestMappingHandlerAdapter - Looking for @ControllerAdvice: org.springframework.boot.context.embedded.AnnotationConfigEmbeddedWebApplicationContext@6069db50: startup date [Tue Apr 17 20:29:24 CST 2018]; root of context hierarchy
2018-04-17 20:29:28.678 [main] INFO  org.springframework.web.servlet.mvc.method.annotation.RequestMappingHandlerMapping - Mapped "{[/order/test],methods=[GET]}" onto public java.lang.String com.doobangframework.springboot_simple.http.controller.SimpleController.test()
2018-04-17 20:29:28.681 [main] INFO  org.springframework.web.servlet.mvc.method.annotation.RequestMappingHandlerMapping - Mapped "{[/order/t],methods=[GET]}" onto public java.lang.String com.doobangframework.springboot_simple.http.controller.SimpleController.t()
2018-04-17 20:29:28.685 [main] INFO  org.springframework.web.servlet.mvc.method.annotation.RequestMappingHandlerMapping - Mapped "{[/error]}" onto public org.springframework.http.ResponseEntity<java.util.Map<java.lang.String, java.lang.Object>> org.springframework.boot.autoconfigure.web.BasicErrorController.error(javax.servlet.http.HttpServletRequest)
2018-04-17 20:29:28.685 [main] INFO  org.springframework.web.servlet.mvc.method.annotation.RequestMappingHandlerMapping - Mapped "{[/error],produces=[text/html]}" onto public org.springframework.web.servlet.ModelAndView org.springframework.boot.autoconfigure.web.BasicErrorController.errorHtml(javax.servlet.http.HttpServletRequest,javax.servlet.http.HttpServletResponse)
2018-04-17 20:29:28.729 [main] INFO  org.springframework.web.servlet.handler.SimpleUrlHandlerMapping - Mapped URL path [/webjars/**] onto handler of type [class org.springframework.web.servlet.resource.ResourceHttpRequestHandler]
2018-04-17 20:29:28.730 [main] INFO  org.springframework.web.servlet.handler.SimpleUrlHandlerMapping - Mapped URL path [/**] onto handler of type [class org.springframework.web.servlet.resource.ResourceHttpRequestHandler]
2018-04-17 20:29:28.761 [main] INFO  org.springframework.web.servlet.mvc.method.annotation.ExceptionHandlerExceptionResolver - Detected @ExceptionHandler methods in exceptionController
2018-04-17 20:29:28.798 [main] INFO  org.springframework.web.servlet.handler.SimpleUrlHandlerMapping - Mapped URL path [/**/favicon.ico] onto handler of type [class org.springframework.web.servlet.resource.ResourceHttpRequestHandler]
2018-04-17 20:29:29.099 [main] INFO  org.springframework.jmx.export.annotation.AnnotationMBeanExporter - Registering beans for JMX exposure on startup
2018-04-17 20:29:29.129 [main] INFO  org.apache.coyote.http11.Http11NioProtocol - Initializing ProtocolHandler ["http-nio-8081"]
2018-04-17 20:29:29.149 [main] INFO  org.apache.coyote.http11.Http11NioProtocol - Starting ProtocolHandler ["http-nio-8081"]
2018-04-17 20:29:29.172 [main] INFO  org.apache.tomcat.util.net.NioSelectorPool - Using a shared selector for servlet write/read
2018-04-17 20:29:29.203 [main] INFO  org.springframework.boot.context.embedded.tomcat.TomcatEmbeddedServletContainer - Tomcat started on port(s): 8081 (http)
2018-04-17 20:29:29.211 [main] INFO  com.doobangframework.springboot_simple.SimpleApplication - Started SimpleApplication in 5.237 seconds (JVM running for 5.741)
2018-04-17 20:29:29.212 [main] INFO  com.doobangframework.springboot_simple.SimpleApplication - 服务启动完成：测试环境
